<?xml version="1.0" encoding="UTF-8" ?>
<testsuite errors="0" failures="0" hostname="Adams-MacBook-Pro.local" name="DevelopmentSchedulerTest" skipped="0" tests="30" time="6.106" timestamp="2017-11-02T04:06:13">
  <properties>
[...]
</properties>
  <testcase classname="DevelopmentSchedulerTest" name="test_getInEdgesCountMap" time="0.005" />
  <testcase classname="DevelopmentSchedulerTest" name="test_deliveryTimeCalculator_stess" time="0.558" />
  <testcase classname="DevelopmentSchedulerTest" name="test_addAssignment_both_zero" time="0.001" />
  <testcase classname="DevelopmentSchedulerTest" name="test_getMaxDuration_no_relation" time="0.0" />
  <testcase classname="DevelopmentSchedulerTest" name="test_topologicalSort_no_assignment" time="0.0" />
  <testcase classname="DevelopmentSchedulerTest" name="test_sortOutNodes" time="0.001" />
  <testcase classname="DevelopmentSchedulerTest" name="test_addRelations_one_relation" time="0.0" />
  <testcase classname="DevelopmentSchedulerTest" name="test_edgeCreator_bad_data" time="0.0" />
  <testcase classname="DevelopmentSchedulerTest" name="test_addAssignment_both_neg_big" time="0.0" />
  <testcase classname="DevelopmentSchedulerTest" name="test_addRelations_no_assignment_relation" time="0.0" />
  <testcase classname="DevelopmentSchedulerTest" name="test_deliveryTimeCalculator" time="0.001" />
  <testcase classname="DevelopmentSchedulerTest" name="test_assignmentNodeInitializer_stress" time="0.11" />
  <testcase classname="DevelopmentSchedulerTest" name="test_topologicalSort_stress" time="0.356" />
  <testcase classname="DevelopmentSchedulerTest" name="test_assignmentNodeInitializer_only_one" time="0.001" />
  <testcase classname="DevelopmentSchedulerTest" name="test_addRelations_good_data" time="0.0" />
  <testcase classname="DevelopmentSchedulerTest" name="test_topologicalSort_cycle" time="0.0" />
  <testcase classname="DevelopmentSchedulerTest" name="test_deliveryTimeCalculator_no_relation" time="0.0" />
  <testcase classname="DevelopmentSchedulerTest" name="test_topologicalSort" time="0.0" />
  <testcase classname="DevelopmentSchedulerTest" name="test_getMaxDuration_no_node" time="0.0" />
  <testcase classname="DevelopmentSchedulerTest" name="test_addAssignment_no_assignment" time="0.0" />
  <testcase classname="DevelopmentSchedulerTest" name="test_sortOutNodes_no_out" time="0.0" />
  <testcase classname="DevelopmentSchedulerTest" name="test_addAssignment_both_pos_big" time="0.0" />
  <testcase classname="DevelopmentSchedulerTest" name="test_getInEdgesCountMap_no_relation" time="0.0" />
  <testcase classname="DevelopmentSchedulerTest" name="test_assignmentNodeInitializer_good_data" time="0.0" />
  <testcase classname="DevelopmentSchedulerTest" name="test_getMaxDuration" time="0.0" />
  <testcase classname="DevelopmentSchedulerTest" name="test_deliveryTimeCalculator_no_assignment_relation" time="0.0" />
  <testcase classname="DevelopmentSchedulerTest" name="test_addAssignment_both_positive" time="0.0" />
  <testcase classname="DevelopmentSchedulerTest" name="test_assignmentNodeInitializer_none" time="0.0" />
  <testcase classname="DevelopmentSchedulerTest" name="test_addAssignment_both_negative" time="0.0" />
  <testcase classname="DevelopmentSchedulerTest" name="test_edgeCreator" time="0.0" />
  <system-out><![CDATA[]]></system-out>
  <system-err><![CDATA[]]></system-err>
</testsuite>
